2021-05-06 06:30:26 AM [Thread: main][ Class:class rozetka.pages.HomePage >> Method: rozetka.pages.HomePage.enterInTheSearchField(HomePage.java:35) ]
INFO:Starting entering query
2021-05-06 06:30:27 AM [Thread: main][ Class:class rozetka.pages.SearchPage >> Method: rozetka.pages.SearchPage.clickExpensiveToCheep(SearchPage.java:40) ]
INFO:Clicking on the sort button from expensive to cheep
2021-05-06 06:39:08 AM [Thread: main][ Class:class rozetka.pages.HomePage >> Method: rozetka.pages.HomePage.enterInTheSearchField(HomePage.java:35) ]
INFO:Starting entering query
2021-05-06 06:39:08 AM [Thread: main][ Class:class rozetka.pages.SearchPage >> Method: rozetka.pages.SearchPage.clickExpensiveToCheep(SearchPage.java:40) ]
INFO:Clicking on the sort button from expensive to cheep
2021-05-06 06:40:48 AM [Thread: main][ Class:class rozetka.pages.HomePage >> Method: rozetka.pages.HomePage.enterInTheSearchField(HomePage.java:35) ]
INFO:Starting entering query
2021-05-06 06:40:48 AM [Thread: main][ Class:class rozetka.pages.SearchPage >> Method: rozetka.pages.SearchPage.clickExpensiveToCheep(SearchPage.java:40) ]
INFO:Clicking on the sort button from expensive to cheep
2021-05-06 06:46:28 AM [Thread: main][ Class:class rozetka.pages.HomePage >> Method: rozetka.pages.HomePage.enterInTheSearchField(HomePage.java:35) ]
INFO:Starting entering query
2021-05-06 06:46:30 AM [Thread: main][ Class:class rozetka.pages.SearchPage >> Method: rozetka.pages.SearchPage.clickExpensiveToCheep(SearchPage.java:40) ]
INFO:Clicking on the sort button from expensive to cheep
2021-05-06 09:19:51 AM [Thread: main][ Class:class rozetka.pages.HomePage >> Method: rozetka.pages.HomePage.enterInTheSearchField(HomePage.java:35) ]
INFO:Starting entering query
2021-05-06 09:19:51 AM [Thread: main][ Class:class rozetka.pages.SearchPage >> Method: rozetka.pages.SearchPage.clickExpensiveToCheep(SearchPage.java:40) ]
INFO:Clicking on the sort button from expensive to cheep
2021-05-06 09:19:55 AM [Thread: main][ Class:class rozetka.pages.HomePage >> Method: rozetka.pages.HomePage.enterInTheSearchField(HomePage.java:35) ]
INFO:Starting entering query
2021-05-06 09:19:58 AM [Thread: main][ Class:class rozetka.pages.SearchPage >> Method: rozetka.pages.SearchPage.clickCheepToExpensive(SearchPage.java:47) ]
INFO:Clicking on the sort button from cheep to expensive
2021-05-06 09:21:38 AM [Thread: main][ Class:class rozetka.pages.SearchPage >> Method: rozetka.pages.SearchPage.getSortingItemsFromCheapToExpensive(SearchPage.java:67) ]
DEBUG:Initial displayed order of price
2021-05-06 09:26:38 AM [Thread: main][ Class:class rozetka.pages.HomePage >> Method: rozetka.pages.HomePage.enterInTheSearchField(HomePage.java:35) ]
INFO:Starting entering query
2021-05-06 09:26:38 AM [Thread: main][ Class:class rozetka.pages.SearchPage >> Method: rozetka.pages.SearchPage.clickExpensiveToCheep(SearchPage.java:40) ]
INFO:Clicking on the sort button from expensive to cheep
2021-05-06 09:26:41 AM [Thread: main][ Class:class rozetka.pages.HomePage >> Method: rozetka.pages.HomePage.enterInTheSearchField(HomePage.java:35) ]
INFO:Starting entering query
2021-05-06 09:26:44 AM [Thread: main][ Class:class rozetka.pages.SearchPage >> Method: rozetka.pages.SearchPage.clickCheepToExpensive(SearchPage.java:47) ]
INFO:Clicking on the sort button from cheep to expensive
