2021-05-08 15:19:42 PM [Thread: main][ Class:class rozetka.pages.HomePage >> Method: rozetka.pages.HomePage.enterInTheSearchField(HomePage.java:35) ]
INFO:Starting entering query
2021-05-08 15:19:45 PM [Thread: main][ Class:class rozetka.pages.SearchPage >> Method: rozetka.pages.SearchPage.clickFirstProduct(SearchPage.java:33) ]
INFO:Clicking on the first finding element
2021-05-08 15:19:48 PM [Thread: main][ Class:class rozetka.pages.SearchPage >> Method: rozetka.pages.SearchPage.getProductNameIsDisplayed(SearchPage.java:79) ]
INFO:Displaying the Subscribe button
2021-05-08 15:19:49 PM [Thread: main][ Class:class rozetka.pages.ItemPage >> Method: rozetka.pages.ItemPage.clickBuyFirstItem(ItemPage.java:21) ]
INFO:Clicking the buy button
2021-05-08 15:19:52 PM [Thread: main][ Class:class rozetka.pages.ItemPage >> Method: rozetka.pages.ItemPage.closePopUp(ItemPage.java:26) ]
INFO:Closing a pop-up with information about the selected product
2021-05-08 15:19:52 PM [Thread: main][ Class:class rozetka.pages.HomePage >> Method: rozetka.pages.HomePage.getClickOnTheCartButton(HomePage.java:106) ]
INFO:Displaying the cart window
2021-05-08 15:19:53 PM [Thread: main][ Class:class rozetka.pages.HomePage >> Method: rozetka.pages.HomePage.getReverseTheDisplayOfTheCart(HomePage.java:111) ]
INFO:Displaying an item in the cart
2021-05-08 15:19:58 PM [Thread: main][ Class:class rozetka.pages.HomePage >> Method: rozetka.pages.HomePage.pressOnTheButtonPremium(HomePage.java:40) ]
INFO:Opening Premium page
2021-05-08 15:20:01 PM [Thread: main][ Class:class rozetka.pages.HomePage >> Method: rozetka.pages.HomePage.getButtonIsDisplayed(HomePage.java:88) ]
INFO:Displaying the Subscribe button
2021-05-08 15:20:04 PM [Thread: main][ Class:class rozetka.pages.HomePage >> Method: rozetka.pages.HomePage.enterToPersonalAccount(HomePage.java:45) ]
INFO:Entering to personal account
2021-05-08 15:20:04 PM [Thread: main][ Class:class rozetka.pages.HomePage >> Method: rozetka.pages.HomePage.pressOnTheButtonRegistration(HomePage.java:50) ]
INFO:Starting to registration
2021-05-08 15:20:04 PM [Thread: main][ Class:class rozetka.pages.HomePage >> Method: rozetka.pages.HomePage.enterToName(HomePage.java:55) ]
INFO:Cyrillic name input
2021-05-08 15:20:04 PM [Thread: main][ Class:class rozetka.pages.HomePage >> Method: rozetka.pages.HomePage.enterToLastName(HomePage.java:60) ]
INFO:Cyrillic surname input
2021-05-08 15:20:04 PM [Thread: main][ Class:class rozetka.pages.HomePage >> Method: rozetka.pages.HomePage.enterToPhoneNumber(HomePage.java:65) ]
INFO:Number input mask +38
2021-05-08 15:20:05 PM [Thread: main][ Class:class rozetka.pages.HomePage >> Method: rozetka.pages.HomePage.enterToPassword(HomePage.java:70) ]
INFO:The password must be at least 6 characters long, contain numbers and Latin letters, including capital letters, and must not coincide with the name and e-mail
2021-05-08 15:20:05 PM [Thread: main][ Class:class rozetka.pages.HomePage >> Method: rozetka.pages.HomePage.clickOnRegistrationAfterDataEntry(HomePage.java:78) ]
INFO:Registration after filling in the fields
2021-05-08 15:20:05 PM [Thread: main][ Class:class rozetka.pages.HomePage >> Method: rozetka.pages.HomePage.getAnErrorIsDisplayed(HomePage.java:94) ]
INFO:Email field is not filled
2021-05-08 15:20:08 PM [Thread: main][ Class:class rozetka.pages.HomePage >> Method: rozetka.pages.HomePage.enterTextOnTheSearchField(HomePage.java:83) ]
INFO:Entering data into the search field
2021-05-08 15:20:09 PM [Thread: main][ Class:class rozetka.pages.HomePage >> Method: rozetka.pages.HomePage.getErrorIsDisplayed(HomePage.java:100) ]
INFO:Displaying a message stating that nothing was found for the request
2021-05-08 15:20:12 PM [Thread: main][ Class:class rozetka.pages.HomePage >> Method: rozetka.pages.HomePage.enterTextOnTheSearchField(HomePage.java:83) ]
INFO:Entering data into the search field
2021-05-08 15:20:12 PM [Thread: main][ Class:class rozetka.pages.HomePage >> Method: rozetka.pages.HomePage.getErrorIsDisplayed(HomePage.java:100) ]
INFO:Displaying a message stating that nothing was found for the request
2021-05-08 15:20:15 PM [Thread: main][ Class:class rozetka.pages.HomePage >> Method: rozetka.pages.HomePage.enterTextOnTheSearchField(HomePage.java:83) ]
INFO:Entering data into the search field
2021-05-08 15:20:15 PM [Thread: main][ Class:class rozetka.pages.HomePage >> Method: rozetka.pages.HomePage.getErrorIsDisplayed(HomePage.java:100) ]
INFO:Displaying a message stating that nothing was found for the request
2021-05-08 15:20:20 PM [Thread: main][ Class:class rozetka.pages.HomePage >> Method: rozetka.pages.HomePage.enterInTheSearchField(HomePage.java:35) ]
INFO:Starting entering query
2021-05-08 15:20:20 PM [Thread: main][ Class:class rozetka.pages.SearchPage >> Method: rozetka.pages.SearchPage.clickExpensiveToCheep(SearchPage.java:40) ]
INFO:Clicking on the sort button from expensive to cheep
2021-05-08 15:20:25 PM [Thread: main][ Class:class rozetka.pages.HomePage >> Method: rozetka.pages.HomePage.enterInTheSearchField(HomePage.java:35) ]
INFO:Starting entering query
2021-05-08 15:20:26 PM [Thread: main][ Class:class rozetka.pages.SearchPage >> Method: rozetka.pages.SearchPage.clickCheepToExpensive(SearchPage.java:47) ]
INFO:Clicking on the sort button from cheep to expensive
